TN:
SF:tools\build-openapi.js
FN:26,log
FN:33,loadYaml
FN:44,deepMerge
FN:48,(anonymous_3)
FN:68,isObject
FN:73,buildOpenAPI
FNF:6
FNH:0
FNDA:0,log
FNDA:0,loadYaml
FNDA:0,deepMerge
FNDA:0,(anonymous_3)
FNDA:0,isObject
FNDA:0,buildOpenAPI
DA:3,0
DA:4,0
DA:5,0
DA:6,0
DA:9,0
DA:10,0
DA:18,0
DA:21,0
DA:22,0
DA:23,0
DA:27,0
DA:28,0
DA:29,0
DA:34,0
DA:35,0
DA:36,0
DA:38,0
DA:39,0
DA:45,0
DA:47,0
DA:48,0
DA:49,0
DA:50,0
DA:51,0
DA:53,0
DA:55,0
DA:58,0
DA:60,0
DA:65,0
DA:69,0
DA:74,0
DA:76,0
DA:78,0
DA:79,0
DA:80,0
DA:83,0
DA:84,0
DA:87,0
DA:88,0
DA:89,0
DA:91,0
DA:92,0
DA:94,0
DA:95,0
DA:96,0
DA:98,0
DA:100,0
DA:101,0
DA:103,0
DA:104,0
DA:106,0
DA:107,0
DA:108,0
DA:110,0
DA:114,0
DA:116,0
DA:120,0
DA:124,0
DA:128,0
DA:129,0
DA:130,0
DA:132,0
DA:133,0
DA:135,0
DA:136,0
DA:137,0
DA:139,0
DA:141,0
DA:142,0
DA:145,0
DA:146,0
DA:149,0
DA:150,0
DA:152,0
DA:153,0
DA:154,0
DA:156,0
DA:160,0
DA:163,0
DA:165,0
DA:167,0
DA:172,0
DA:173,0
DA:175,0
DA:180,0
DA:181,0
DA:183,0
DA:184,0
DA:185,0
DA:186,0
DA:187,0
DA:190,0
DA:191,0
DA:195,0
DA:196,0
DA:202,0
DA:206,0
DA:207,0
DA:212,0
DA:217,0
DA:219,0
DA:220,0
DA:221,0
DA:222,0
DA:225,0
DA:226,0
DA:231,0
LF:107
LH:0
BRDA:26,0,0,0
BRDA:27,1,0,0
BRDA:27,1,1,0
BRDA:27,2,0,0
BRDA:27,2,1,0
BRDA:28,3,0,0
BRDA:28,3,1,0
BRDA:28,4,0,0
BRDA:28,4,1,0
BRDA:47,5,0,0
BRDA:47,5,1,0
BRDA:47,6,0,0
BRDA:47,6,1,0
BRDA:49,7,0,0
BRDA:49,7,1,0
BRDA:50,8,0,0
BRDA:50,8,1,0
BRDA:55,9,0,0
BRDA:55,9,1,0
BRDA:58,10,0,0
BRDA:58,10,1,0
BRDA:69,11,0,0
BRDA:69,11,1,0
BRDA:69,11,2,0
BRDA:79,12,0,0
BRDA:79,12,1,0
BRDA:87,13,0,0
BRDA:87,13,1,0
BRDA:87,14,0,0
BRDA:87,14,1,0
BRDA:92,15,0,0
BRDA:92,15,1,0
BRDA:92,16,0,0
BRDA:92,16,1,0
BRDA:92,16,2,0
BRDA:96,17,0,0
BRDA:96,17,1,0
BRDA:98,18,0,0
BRDA:98,18,1,0
BRDA:107,19,0,0
BRDA:107,19,1,0
BRDA:107,20,0,0
BRDA:107,20,1,0
BRDA:128,21,0,0
BRDA:128,21,1,0
BRDA:128,22,0,0
BRDA:128,22,1,0
BRDA:133,23,0,0
BRDA:133,23,1,0
BRDA:133,24,0,0
BRDA:133,24,1,0
BRDA:133,24,2,0
BRDA:137,25,0,0
BRDA:137,25,1,0
BRDA:139,26,0,0
BRDA:139,26,1,0
BRDA:145,27,0,0
BRDA:145,27,1,0
BRDA:153,28,0,0
BRDA:153,28,1,0
BRDA:153,29,0,0
BRDA:153,29,1,0
BRDA:165,30,0,0
BRDA:165,30,1,0
BRDA:165,31,0,0
BRDA:165,31,1,0
BRDA:172,32,0,0
BRDA:172,32,1,0
BRDA:180,33,0,0
BRDA:180,33,1,0
BRDA:180,34,0,0
BRDA:180,34,1,0
BRDA:184,35,0,0
BRDA:184,35,1,0
BRDA:184,36,0,0
BRDA:184,36,1,0
BRDA:190,37,0,0
BRDA:190,37,1,0
BRDA:191,38,0,0
BRDA:191,38,1,0
BRDA:195,39,0,0
BRDA:195,39,1,0
BRDA:196,40,0,0
BRDA:196,40,1,0
BRDA:220,41,0,0
BRDA:220,41,1,0
BRDA:221,42,0,0
BRDA:221,42,1,0
BRDA:222,43,0,0
BRDA:222,43,1,0
BRF:90
BRH:0
end_of_record
TN:
SF:tools\enhance-openapi.js
FN:17,(anonymous_0)
FN:27,(anonymous_1)
FN:38,(anonymous_2)
FN:60,(anonymous_3)
FN:121,(anonymous_4)
FN:126,(anonymous_5)
FN:133,(anonymous_6)
FN:144,(anonymous_7)
FN:147,(anonymous_8)
FN:148,(anonymous_9)
FN:175,(anonymous_10)
FN:193,(anonymous_11)
FN:212,(anonymous_12)
FN:214,(anonymous_13)
FN:246,(anonymous_14)
FNF:15
FNH:0
FNDA:0,(anonymous_0)
FNDA:0,(anonymous_1)
FNDA:0,(anonymous_2)
FNDA:0,(anonymous_3)
FNDA:0,(anonymous_4)
FNDA:0,(anonymous_5)
FNDA:0,(anonymous_6)
FNDA:0,(anonymous_7)
FNDA:0,(anonymous_8)
FNDA:0,(anonymous_9)
FNDA:0,(anonymous_10)
FNDA:0,(anonymous_11)
FNDA:0,(anonymous_12)
FNDA:0,(anonymous_13)
FNDA:0,(anonymous_14)
DA:1,0
DA:2,0
DA:3,0
DA:4,0
DA:5,0
DA:8,0
DA:9,0
DA:10,0
DA:11,0
DA:14,0
DA:17,0
DA:18,0
DA:19,0
DA:21,0
DA:22,0
DA:27,0
DA:28,0
DA:29,0
DA:30,0
DA:32,0
DA:33,0
DA:38,0
DA:39,0
DA:42,0
DA:45,0
DA:53,0
DA:54,0
DA:55,0
DA:59,0
DA:60,0
DA:61,0
DA:63,0
DA:64,0
DA:65,0
DA:66,0
DA:67,0
DA:73,0
DA:75,0
DA:76,0
DA:77,0
DA:78,0
DA:79,0
DA:80,0
DA:86,0
DA:88,0
DA:95,0
DA:96,0
DA:97,0
DA:100,0
DA:102,0
DA:110,0
DA:111,0
DA:117,0
DA:121,0
DA:122,0
DA:125,0
DA:126,0
DA:127,0
DA:132,0
DA:133,0
DA:134,0
DA:135,0
DA:140,0
DA:144,0
DA:145,0
DA:147,0
DA:148,0
DA:149,0
DA:151,0
DA:152,0
DA:153,0
DA:154,0
DA:158,0
DA:159,0
DA:163,0
DA:164,0
DA:168,0
DA:169,0
DA:170,0
DA:174,0
DA:175,0
DA:176,0
DA:177,0
DA:179,0
DA:180,0
DA:181,0
DA:182,0
DA:183,0
DA:184,0
DA:185,0
DA:192,0
DA:193,0
DA:194,0
DA:195,0
DA:199,0
DA:200,0
DA:201,0
DA:202,0
DA:203,0
DA:204,0
DA:211,0
DA:212,0
DA:213,0
DA:214,0
DA:215,0
DA:216,0
DA:220,0
DA:221,0
DA:222,0
DA:223,0
DA:224,0
DA:225,0
DA:226,0
DA:227,0
DA:228,0
DA:229,0
DA:230,0
DA:231,0
DA:242,0
DA:246,0
DA:247,0
DA:248,0
DA:251,0
DA:254,0
DA:255,0
DA:256,0
DA:260,0
DA:261,0
DA:262,0
DA:266,0
DA:268,0
DA:271,0
DA:272,0
DA:273,0
DA:277,0
DA:279,0
DA:280,0
DA:284,0
DA:285,0
DA:290,0
LF:140
LH:0
BRDA:39,0,0,0
BRDA:39,0,1,0
BRDA:42,1,0,0
BRDA:42,1,1,0
BRDA:54,2,0,0
BRDA:54,2,1,0
BRDA:54,3,0,0
BRDA:54,3,1,0
BRDA:59,4,0,0
BRDA:59,4,1,0
BRDA:61,5,0,0
BRDA:61,5,1,0
BRDA:64,6,0,0
BRDA:64,6,1,0
BRDA:64,7,0,0
BRDA:64,7,1,0
BRDA:66,8,0,0
BRDA:66,8,1,0
BRDA:66,9,0,0
BRDA:66,9,1,0
BRDA:66,9,2,0
BRDA:73,10,0,0
BRDA:73,10,1,0
BRDA:73,11,0,0
BRDA:73,11,1,0
BRDA:75,12,0,0
BRDA:75,12,1,0
BRDA:77,13,0,0
BRDA:77,13,1,0
BRDA:79,14,0,0
BRDA:79,14,1,0
BRDA:79,15,0,0
BRDA:79,15,1,0
BRDA:79,15,2,0
BRDA:86,16,0,0
BRDA:86,16,1,0
BRDA:86,17,0,0
BRDA:86,17,1,0
BRDA:95,18,0,0
BRDA:95,18,1,0
BRDA:100,19,0,0
BRDA:100,19,1,0
BRDA:100,20,0,0
BRDA:100,20,1,0
BRDA:110,21,0,0
BRDA:110,21,1,0
BRDA:122,22,0,0
BRDA:122,22,1,0
BRDA:125,23,0,0
BRDA:125,23,1,0
BRDA:132,24,0,0
BRDA:132,24,1,0
BRDA:134,25,0,0
BRDA:134,25,1,0
BRDA:145,26,0,0
BRDA:145,26,1,0
BRDA:149,27,0,0
BRDA:149,27,1,0
BRDA:151,28,0,0
BRDA:151,28,1,0
BRDA:158,29,0,0
BRDA:158,29,1,0
BRDA:163,30,0,0
BRDA:163,30,1,0
BRDA:168,31,0,0
BRDA:168,31,1,0
BRDA:168,32,0,0
BRDA:168,32,1,0
BRDA:169,33,0,0
BRDA:169,33,1,0
BRDA:174,34,0,0
BRDA:174,34,1,0
BRDA:176,35,0,0
BRDA:176,35,1,0
BRDA:179,36,0,0
BRDA:179,36,1,0
BRDA:179,37,0,0
BRDA:179,37,1,0
BRDA:180,38,0,0
BRDA:180,38,1,0
BRDA:182,39,0,0
BRDA:182,39,1,0
BRDA:182,40,0,0
BRDA:182,40,1,0
BRDA:184,41,0,0
BRDA:184,41,1,0
BRDA:192,42,0,0
BRDA:192,42,1,0
BRDA:192,43,0,0
BRDA:192,43,1,0
BRDA:194,44,0,0
BRDA:194,44,1,0
BRDA:194,45,0,0
BRDA:194,45,1,0
BRDA:195,46,0,0
BRDA:195,46,1,0
BRDA:199,47,0,0
BRDA:199,47,1,0
BRDA:201,48,0,0
BRDA:201,48,1,0
BRDA:203,49,0,0
BRDA:203,49,1,0
BRDA:211,50,0,0
BRDA:211,50,1,0
BRDA:213,51,0,0
BRDA:213,51,1,0
BRDA:215,52,0,0
BRDA:215,52,1,0
BRDA:215,53,0,0
BRDA:215,53,1,0
BRDA:216,54,0,0
BRDA:216,54,1,0
BRDA:220,55,0,0
BRDA:220,55,1,0
BRDA:222,56,0,0
BRDA:222,56,1,0
BRDA:224,57,0,0
BRDA:224,57,1,0
BRDA:226,58,0,0
BRDA:226,58,1,0
BRDA:226,59,0,0
BRDA:226,59,1,0
BRDA:228,60,0,0
BRDA:228,60,1,0
BRDA:228,61,0,0
BRDA:228,61,1,0
BRDA:230,62,0,0
BRDA:230,62,1,0
BRDA:230,63,0,0
BRDA:230,63,1,0
BRDA:254,64,0,0
BRDA:254,64,1,0
BRDA:260,65,0,0
BRDA:260,65,1,0
BRF:134
BRH:0
end_of_record
