<?xml version="1.0" encoding="UTF-8"?>
<coverage generated="1773186088062" clover="3.2.0">
  <project timestamp="1773186088062" name="All files">
    <metrics statements="6" coveredstatements="6" conditionals="6" coveredconditionals="5" methods="1" coveredmethods="1" elements="13" coveredelements="12" complexity="0" loc="6" ncloc="6" packages="1" files="1" classes="1"/>
    <file name="CognitiveMeshButton.tsx" path="C:\Users\smitj\repos\cognitive-mesh\src\UILayer\web\src\components\CognitiveMeshButton\CognitiveMeshButton.tsx">
      <metrics statements="6" coveredstatements="6" conditionals="6" coveredconditionals="5" methods="1" coveredmethods="1"/>
      <line num="13" count="1" type="stmt"/>
      <line num="21" count="1" type="stmt"/>
      <line num="22" count="1" type="stmt"/>
      <line num="23" count="1" type="stmt"/>
      <line num="24" count="1" type="cond" truecount="1" falsecount="1"/>
      <line num="26" count="1" type="stmt"/>
    </file>
  </project>
</coverage>
