{"C:\\Users\\smitj\\repos\\cognitive-mesh\\src\\UILayer\\web\\src\\components\\CognitiveMeshButton\\CognitiveMeshButton.tsx": {"path":"C:\\Users\\smitj\\repos\\cognitive-mesh\\src\\UILayer\\web\\src\\components\\CognitiveMeshButton\\CognitiveMeshButton.tsx","statementMap":{"0":{"start":{"line":13,"column":71},"end":{"line":35,"column":1}},"1":{"start":{"line":21,"column":20},"end":{"line":21,"column":43}},"2":{"start":{"line":22,"column":23},"end":{"line":22,"column":49}},"3":{"start":{"line":23,"column":20},"end":{"line":23,"column":43}},"4":{"start":{"line":24,"column":24},"end":{"line":24,"column":64}},"5":{"start":{"line":26,"column":2},"end":{"line":34,"column":4}}},"fnMap":{"0":{"name":"(anonymous_0)","decl":{"start":{"line":13,"column":71},"end":{"line":13,"column":72}},"loc":{"start":{"line":20,"column":6},"end":{"line":35,"column":1}},"line":20}},"branchMap":{"0":{"loc":{"start":{"line":14,"column":2},"end":{"line":14,"column":21}},"type":"default-arg","locations":[{"start":{"line":14,"column":12},"end":{"line":14,"column":21}}],"line":14},"1":{"loc":{"start":{"line":15,"column":2},"end":{"line":15,"column":13}},"type":"default-arg","locations":[{"start":{"line":15,"column":9},"end":{"line":15,"column":13}}],"line":15},"2":{"loc":{"start":{"line":18,"column":2},"end":{"line":18,"column":18}},"type":"default-arg","locations":[{"start":{"line":18,"column":13},"end":{"line":18,"column":18}}],"line":18},"3":{"loc":{"start":{"line":19,"column":2},"end":{"line":19,"column":16}},"type":"default-arg","locations":[{"start":{"line":19,"column":14},"end":{"line":19,"column":16}}],"line":19},"4":{"loc":{"start":{"line":24,"column":24},"end":{"line":24,"column":64}},"type":"cond-expr","locations":[{"start":{"line":24,"column":35},"end":{"line":24,"column":59}},{"start":{"line":24,"column":62},"end":{"line":24,"column":64}}],"line":24}},"s":{"0":1,"1":1,"2":1,"3":1,"4":1,"5":1},"f":{"0":1},"b":{"0":[1],"1":[1],"2":[1],"3":[1],"4":[0,1]},"_coverageSchema":"1a1c01bbd47fc00a2c39e90264f33305004495a9","hash":"51aefd35f1101613413182a2e8343089d156fb9f"}
}
